<testsuite name="shellcheck" tests="27" failures="0" errors="0" skipped="0" timestamp="2025-08-14T15:22:09" time="0" hostname="Deans-MBP.local"><properties><property name="exclude" value="SC1090,SC1091,SC2034,SC2155,SC2206,SC2207,SC2220,SC2230" /></properties><testcase classname="install" name="install" time="0" /><testcase classname="config" name="config" time="0" /><testcase classname="subcommands/remove" name="subcommands/remove" time="0" /><testcase classname="subcommands/configure" name="subcommands/configure" time="0" /><testcase classname="subcommands/verify" name="subcommands/verify" time="0" /><testcase classname="subcommands/sync-all" name="subcommands/sync-all" time="0" /><testcase classname="subcommands/add" name="subcommands/add" time="0" /><testcase classname="subcommands/version" name="subcommands/version" time="0" /><testcase classname="subcommands/report" name="subcommands/report" time="0" /><testcase classname="subcommands/sync" name="subcommands/sync" time="0" /><testcase classname="providers/aws" name="providers/aws" time="0" /><testcase classname="tests/setup.sh" name="tests/setup.sh" time="0" /><testcase classname="tests/bin/dokku" name="tests/bin/dokku" time="0" /><testcase classname="tests/integration/docker-orchestrator.sh" name="tests/integration/docker-orchestrator.sh" time="0" /><testcase classname="tests/integration/dns-integration-tests.sh" name="tests/integration/dns-integration-tests.sh" time="0" /><testcase classname="tests/integration/report-assertions.sh" name="tests/integration/report-assertions.sh" time="0" /><testcase classname="tests/test_helper.bash" name="tests/test_helper.bash" time="0" /><testcase classname="tests/wait-and-test.sh" name="tests/wait-and-test.sh" time="0" /><testcase classname="tests/mock_dokku_environment.bash" name="tests/mock_dokku_environment.bash" time="0" /><testcase classname="scripts/test-server.sh" name="scripts/test-server.sh" time="0" /><testcase classname="scripts/test-docker.sh" name="scripts/test-docker.sh" time="0" /><testcase classname="scripts/install-git-hooks.sh" name="scripts/install-git-hooks.sh" time="0" /><testcase classname="scripts/test-integration.sh" name="scripts/test-integration.sh" time="0" /><testcase classname="scripts/pre-commit" name="scripts/pre-commit" time="0" /><testcase classname="functions" name="functions" time="0" /><testcase classname="commands" name="commands" time="0" /><testcase classname="help-functions" name="help-functions" time="0" /><system-out /><system-err /></testsuite>